0 verbose cli /usr/local/bin/node /usr/local/bin/npm
1 info using npm@10.8.2
2 info using node@v20.18.0
3 silly config load:file:/usr/local/lib/node_modules/npm/npmrc
4 silly config load:file:/data/.npmrc
5 silly config load:file:/usr/src/node-red/.npmrc
6 silly config load:file:/usr/local/etc/npmrc
7 verbose title npm install node-red-dashboard@3.6.5
8 verbose argv "install" "--no-audit" "--no-update-notifier" "--no-fund" "--save" "--save-prefix" "~" "--omit" "dev" "--engine-strict" "node-red-dashboard@3.6.5"
9 verbose logfile logs-max:10 dir:/data/.npm/_logs/2024-11-23T07_34_58_682Z-
10 verbose logfile /data/.npm/_logs/2024-11-23T07_34_58_682Z-debug-0.log
11 silly packumentCache heap:2197815296 maxSize:549453824 maxEntrySize:274726912
12 silly logfile done cleaning log files
13 silly idealTree buildDeps
14 silly fetch manifest node-red-dashboard@3.6.5
15 silly packumentCache full:https://registry.npmjs.org/node-red-dashboard cache-miss
16 verbose shrinkwrap failed to load node_modules/.package-lock.json out of date, updated: node_modules
17 http fetch GET 200 https://registry.npmjs.org/node-red-dashboard 502ms (cache miss)
18 silly packumentCache full:https://registry.npmjs.org/node-red-dashboard set size:undefined disposed:false
19 silly placeDep ROOT node-red-dashboard@3.6.5 OK for: node-red-project@0.0.1 want: 3.6.5
20 silly fetch manifest compression@^1.7.4
21 silly packumentCache full:https://registry.npmjs.org/compression cache-miss
22 silly fetch manifest gridstack@^0.6.4
23 silly packumentCache full:https://registry.npmjs.org/gridstack cache-miss
24 silly fetch manifest serve-static@^1.15.0
25 silly packumentCache full:https://registry.npmjs.org/serve-static cache-miss
26 silly fetch manifest socket.io@^4.7.4
27 silly packumentCache full:https://registry.npmjs.org/socket.io cache-miss
28 http fetch GET 200 https://registry.npmjs.org/socket.io 144ms (cache miss)
29 silly packumentCache full:https://registry.npmjs.org/socket.io set size:undefined disposed:false
30 http fetch GET 200 https://registry.npmjs.org/compression 310ms (cache miss)
31 silly packumentCache full:https://registry.npmjs.org/compression set size:undefined disposed:false
32 http fetch GET 200 https://registry.npmjs.org/serve-static 309ms (cache miss)
33 silly packumentCache full:https://registry.npmjs.org/serve-static set size:undefined disposed:false
34 http fetch GET 200 https://registry.npmjs.org/gridstack 381ms (cache miss)
35 silly packumentCache full:https://registry.npmjs.org/gridstack set size:undefined disposed:false
36 silly placeDep ROOT compression@1.7.5 OK for: node-red-dashboard@3.6.5 want: ^1.7.4
37 silly placeDep ROOT gridstack@0.6.4 OK for: node-red-dashboard@3.6.5 want: ^0.6.4
38 silly placeDep ROOT serve-static@1.16.2 OK for: node-red-dashboard@3.6.5 want: ^1.15.0
39 silly placeDep ROOT socket.io@4.8.1 OK for: node-red-dashboard@3.6.5 want: ^4.7.4
40 silly fetch manifest bytes@3.1.2
41 silly packumentCache full:https://registry.npmjs.org/bytes cache-miss
42 silly fetch manifest compressible@~2.0.18
43 silly packumentCache full:https://registry.npmjs.org/compressible cache-miss
44 silly fetch manifest debug@2.6.9
45 silly packumentCache full:https://registry.npmjs.org/debug cache-miss
46 silly fetch manifest negotiator@~0.6.4
47 silly packumentCache full:https://registry.npmjs.org/negotiator cache-miss
48 silly fetch manifest on-headers@~1.0.2
49 silly packumentCache full:https://registry.npmjs.org/on-headers cache-miss
50 silly fetch manifest safe-buffer@5.2.1
51 silly packumentCache full:https://registry.npmjs.org/safe-buffer cache-miss
52 silly fetch manifest vary@~1.1.2
53 silly packumentCache full:https://registry.npmjs.org/vary cache-miss
54 http fetch GET 200 https://registry.npmjs.org/bytes 139ms (cache miss)
55 silly packumentCache full:https://registry.npmjs.org/bytes set size:undefined disposed:false
56 silly fetch manifest jquery@^1.8 || 2 || 3
57 silly packumentCache full:https://registry.npmjs.org/jquery cache-miss
58 http fetch GET 200 https://registry.npmjs.org/debug 147ms (cache miss)
59 silly packumentCache full:https://registry.npmjs.org/debug set size:undefined disposed:false
60 silly fetch manifest encodeurl@~2.0.0
61 silly packumentCache full:https://registry.npmjs.org/encodeurl cache-miss
62 http fetch GET 200 https://registry.npmjs.org/negotiator 159ms (cache miss)
63 silly packumentCache full:https://registry.npmjs.org/negotiator set size:undefined disposed:false
64 silly fetch manifest escape-html@~1.0.3
65 silly packumentCache full:https://registry.npmjs.org/escape-html cache-miss
66 http fetch GET 200 https://registry.npmjs.org/compressible 164ms (cache miss)
67 silly packumentCache full:https://registry.npmjs.org/compressible set size:undefined disposed:false
68 silly fetch manifest parseurl@~1.3.3
69 silly packumentCache full:https://registry.npmjs.org/parseurl cache-miss
70 http fetch GET 200 https://registry.npmjs.org/jquery 132ms (cache miss)
71 silly packumentCache full:https://registry.npmjs.org/jquery set size:undefined disposed:false
72 silly fetch manifest send@0.19.0
73 silly packumentCache full:https://registry.npmjs.org/send cache-miss
74 http fetch GET 200 https://registry.npmjs.org/encodeurl 152ms (cache miss)
75 silly packumentCache full:https://registry.npmjs.org/encodeurl set size:undefined disposed:false
76 silly fetch manifest accepts@~1.3.4
77 silly packumentCache full:https://registry.npmjs.org/accepts cache-miss
78 http fetch GET 200 https://registry.npmjs.org/parseurl 143ms (cache miss)
79 silly packumentCache full:https://registry.npmjs.org/parseurl set size:undefined disposed:false
80 silly fetch manifest base64id@~2.0.0
81 silly packumentCache full:https://registry.npmjs.org/base64id cache-miss
82 http fetch GET 200 https://registry.npmjs.org/vary 310ms (cache miss)
83 silly packumentCache full:https://registry.npmjs.org/vary set size:undefined disposed:false
84 silly fetch manifest cors@~2.8.5
85 silly packumentCache full:https://registry.npmjs.org/cors cache-miss
86 http fetch GET 200 https://registry.npmjs.org/on-headers 326ms (cache miss)
87 silly packumentCache full:https://registry.npmjs.org/on-headers set size:undefined disposed:false
88 silly fetch manifest debug@~4.3.2
89 silly packumentCache full:https://registry.npmjs.org/debug cache-miss
90 http fetch GET 200 https://registry.npmjs.org/safe-buffer 331ms (cache miss)
91 silly packumentCache full:https://registry.npmjs.org/safe-buffer set size:undefined disposed:false
92 silly fetch manifest engine.io@~6.6.0
93 silly packumentCache full:https://registry.npmjs.org/engine.io cache-miss
94 http fetch GET 200 https://registry.npmjs.org/debug 43ms (cache hit)
95 silly packumentCache full:https://registry.npmjs.org/debug set size:188929 disposed:false
96 silly fetch manifest socket.io-adapter@~2.5.2
97 silly packumentCache full:https://registry.npmjs.org/socket.io-adapter cache-miss
98 http fetch GET 200 https://registry.npmjs.org/send 123ms (cache miss)
99 silly packumentCache full:https://registry.npmjs.org/send set size:undefined disposed:false
100 silly fetch manifest socket.io-parser@~4.2.4
101 silly packumentCache full:https://registry.npmjs.org/socket.io-parser cache-miss
102 http fetch GET 200 https://registry.npmjs.org/accepts 130ms (cache miss)
103 silly packumentCache full:https://registry.npmjs.org/accepts set size:undefined disposed:false
104 http fetch GET 200 https://registry.npmjs.org/base64id 130ms (cache miss)
105 silly packumentCache full:https://registry.npmjs.org/base64id set size:undefined disposed:false
106 http fetch GET 200 https://registry.npmjs.org/cors 126ms (cache miss)
107 silly packumentCache full:https://registry.npmjs.org/cors set size:undefined disposed:false
108 http fetch GET 200 https://registry.npmjs.org/escape-html 320ms (cache miss)
109 silly packumentCache full:https://registry.npmjs.org/escape-html set size:undefined disposed:false
110 http fetch GET 200 https://registry.npmjs.org/socket.io-adapter 108ms (cache miss)
111 silly packumentCache full:https://registry.npmjs.org/socket.io-adapter set size:undefined disposed:false
112 http fetch GET 200 https://registry.npmjs.org/engine.io 163ms (cache miss)
113 silly packumentCache full:https://registry.npmjs.org/engine.io set size:undefined disposed:false
114 http fetch GET 200 https://registry.npmjs.org/socket.io-parser 131ms (cache miss)
115 silly packumentCache full:https://registry.npmjs.org/socket.io-parser set size:undefined disposed:false
116 silly placeDep ROOT bytes@3.1.2 OK for: compression@1.7.5 want: 3.1.2
117 silly placeDep ROOT compressible@2.0.18 OK for: compression@1.7.5 want: ~2.0.18
118 silly placeDep ROOT debug@2.6.9 OK for: compression@1.7.5 want: 2.6.9
119 silly placeDep ROOT negotiator@0.6.4 OK for: compression@1.7.5 want: ~0.6.4
120 silly placeDep ROOT on-headers@1.0.2 OK for: compression@1.7.5 want: ~1.0.2
121 silly placeDep ROOT safe-buffer@5.2.1 OK for: compression@1.7.5 want: 5.2.1
122 silly placeDep ROOT vary@1.1.2 OK for: compression@1.7.5 want: ~1.1.2
123 silly fetch manifest mime-db@>= 1.43.0 < 2
124 silly packumentCache full:https://registry.npmjs.org/mime-db cache-miss
125 silly fetch manifest ms@2.0.0
126 silly packumentCache full:https://registry.npmjs.org/ms cache-miss
127 http fetch GET 200 https://registry.npmjs.org/ms 121ms (cache miss)
128 silly packumentCache full:https://registry.npmjs.org/ms set size:undefined disposed:false
129 http fetch GET 200 https://registry.npmjs.org/mime-db 126ms (cache miss)
130 silly packumentCache full:https://registry.npmjs.org/mime-db set size:undefined disposed:false
131 silly placeDep ROOT mime-db@1.53.0 OK for: compressible@2.0.18 want: >= 1.43.0 < 2
132 silly placeDep ROOT ms@2.0.0 OK for: debug@2.6.9 want: 2.0.0
133 silly placeDep ROOT jquery@3.7.1 OK for: gridstack@0.6.4 want: ^1.8 || 2 || 3
134 silly placeDep ROOT encodeurl@2.0.0 OK for: serve-static@1.16.2 want: ~2.0.0
135 silly placeDep ROOT escape-html@1.0.3 OK for: serve-static@1.16.2 want: ~1.0.3
136 silly placeDep ROOT parseurl@1.3.3 OK for: serve-static@1.16.2 want: ~1.3.3
137 silly placeDep ROOT send@0.19.0 OK for: serve-static@1.16.2 want: 0.19.0
138 silly fetch manifest ms@2.1.3
139 silly packumentCache full:https://registry.npmjs.org/ms cache-miss
140 silly fetch manifest depd@2.0.0
141 silly packumentCache full:https://registry.npmjs.org/depd cache-miss
142 silly fetch manifest etag@~1.8.1
143 silly packumentCache full:https://registry.npmjs.org/etag cache-miss
144 silly fetch manifest mime@1.6.0
145 silly packumentCache full:https://registry.npmjs.org/mime cache-miss
146 silly fetch manifest fresh@0.5.2
147 silly packumentCache full:https://registry.npmjs.org/fresh cache-miss
148 silly fetch manifest destroy@1.2.0
149 silly packumentCache full:https://registry.npmjs.org/destroy cache-miss
150 silly fetch manifest statuses@2.0.1
151 silly packumentCache full:https://registry.npmjs.org/statuses cache-miss
152 http fetch GET 200 https://registry.npmjs.org/ms 46ms (cache hit)
153 silly packumentCache full:https://registry.npmjs.org/ms set size:84885 disposed:false
154 silly fetch manifest encodeurl@~1.0.2
155 silly packumentCache full:https://registry.npmjs.org/encodeurl cache-miss
156 http fetch GET 200 https://registry.npmjs.org/encodeurl 39ms (cache hit)
157 silly packumentCache full:https://registry.npmjs.org/encodeurl set size:12296 disposed:false
158 silly fetch manifest http-errors@2.0.0
159 silly packumentCache full:https://registry.npmjs.org/http-errors cache-miss
160 http fetch GET 200 https://registry.npmjs.org/etag 141ms (cache miss)
161 silly packumentCache full:https://registry.npmjs.org/etag set size:undefined disposed:false
162 silly fetch manifest on-finished@2.4.1
163 silly packumentCache full:https://registry.npmjs.org/on-finished cache-miss
164 http fetch GET 200 https://registry.npmjs.org/depd 146ms (cache miss)
165 silly packumentCache full:https://registry.npmjs.org/depd set size:undefined disposed:false
166 silly fetch manifest range-parser@~1.2.1
167 silly packumentCache full:https://registry.npmjs.org/range-parser cache-miss
168 http fetch GET 200 https://registry.npmjs.org/statuses 152ms (cache miss)
169 silly packumentCache full:https://registry.npmjs.org/statuses set size:undefined disposed:false
170 http fetch GET 200 https://registry.npmjs.org/mime 160ms (cache miss)
171 silly packumentCache full:https://registry.npmjs.org/mime set size:undefined disposed:false
172 http fetch GET 200 https://registry.npmjs.org/destroy 170ms (cache miss)
173 silly packumentCache full:https://registry.npmjs.org/destroy set size:undefined disposed:false
174 http fetch GET 200 https://registry.npmjs.org/fresh 194ms (cache miss)
175 silly packumentCache full:https://registry.npmjs.org/fresh set size:undefined disposed:false
176 http fetch GET 200 https://registry.npmjs.org/http-errors 126ms (cache miss)
177 silly packumentCache full:https://registry.npmjs.org/http-errors set size:undefined disposed:false
178 http fetch GET 200 https://registry.npmjs.org/on-finished 113ms (cache miss)
179 silly packumentCache full:https://registry.npmjs.org/on-finished set size:undefined disposed:false
180 http fetch GET 200 https://registry.npmjs.org/range-parser 109ms (cache miss)
181 silly packumentCache full:https://registry.npmjs.org/range-parser set size:undefined disposed:false
182 silly placeDep ROOT depd@2.0.0 OK for: send@0.19.0 want: 2.0.0
183 silly placeDep ROOT destroy@1.2.0 OK for: send@0.19.0 want: 1.2.0
184 silly placeDep node_modules/send encodeurl@1.0.2 OK for: send@0.19.0 want: ~1.0.2
185 silly placeDep ROOT etag@1.8.1 OK for: send@0.19.0 want: ~1.8.1
186 silly placeDep ROOT fresh@0.5.2 OK for: send@0.19.0 want: 0.5.2
187 silly placeDep ROOT http-errors@2.0.0 OK for: send@0.19.0 want: 2.0.0
188 silly placeDep ROOT mime@1.6.0 OK for: send@0.19.0 want: 1.6.0
189 silly placeDep node_modules/send ms@2.1.3 OK for: send@0.19.0 want: 2.1.3
190 silly placeDep ROOT on-finished@2.4.1 OK for: send@0.19.0 want: 2.4.1
191 silly placeDep ROOT range-parser@1.2.1 OK for: send@0.19.0 want: ~1.2.1
192 silly placeDep ROOT statuses@2.0.1 OK for: send@0.19.0 want: 2.0.1
193 silly fetch manifest inherits@2.0.4
194 silly packumentCache full:https://registry.npmjs.org/inherits cache-miss
195 silly fetch manifest setprototypeof@1.2.0
196 silly packumentCache full:https://registry.npmjs.org/setprototypeof cache-miss
197 silly fetch manifest toidentifier@1.0.1
198 silly packumentCache full:https://registry.npmjs.org/toidentifier cache-miss
199 silly fetch manifest ee-first@1.1.1
200 silly packumentCache full:https://registry.npmjs.org/ee-first cache-miss
201 http fetch GET 200 https://registry.npmjs.org/ee-first 129ms (cache miss)
202 silly packumentCache full:https://registry.npmjs.org/ee-first set size:undefined disposed:false
203 http fetch GET 200 https://registry.npmjs.org/toidentifier 133ms (cache miss)
204 silly packumentCache full:https://registry.npmjs.org/toidentifier set size:undefined disposed:false
205 http fetch GET 200 https://registry.npmjs.org/inherits 142ms (cache miss)
206 silly packumentCache full:https://registry.npmjs.org/inherits set size:undefined disposed:false
207 http fetch GET 200 https://registry.npmjs.org/setprototypeof 143ms (cache miss)
208 silly packumentCache full:https://registry.npmjs.org/setprototypeof set size:undefined disposed:false
209 silly placeDep ROOT inherits@2.0.4 OK for: http-errors@2.0.0 want: 2.0.4
210 silly placeDep ROOT setprototypeof@1.2.0 OK for: http-errors@2.0.0 want: 1.2.0
211 silly placeDep ROOT toidentifier@1.0.1 OK for: http-errors@2.0.0 want: 1.0.1
212 silly placeDep ROOT ee-first@1.1.1 OK for: on-finished@2.4.1 want: 1.1.1
213 silly placeDep ROOT accepts@1.3.8 OK for: socket.io@4.8.1 want: ~1.3.4
214 silly placeDep ROOT base64id@2.0.0 OK for: socket.io@4.8.1 want: ~2.0.0
215 silly placeDep ROOT cors@2.8.5 OK for: socket.io@4.8.1 want: ~2.8.5
216 silly placeDep node_modules/socket.io debug@4.3.7 OK for: socket.io@4.8.1 want: ~4.3.2
217 silly placeDep ROOT engine.io@6.6.2 OK for: socket.io@4.8.1 want: ~6.6.0
218 silly placeDep ROOT socket.io-adapter@2.5.5 OK for: socket.io@4.8.1 want: ~2.5.2
219 silly placeDep ROOT socket.io-parser@4.2.4 OK for: socket.io@4.8.1 want: ~4.2.4
220 silly fetch manifest mime-types@~2.1.34
221 silly packumentCache full:https://registry.npmjs.org/mime-types cache-miss
222 silly fetch manifest negotiator@0.6.3
223 silly packumentCache full:https://registry.npmjs.org/negotiator cache-miss
224 silly fetch manifest object-assign@^4
225 silly packumentCache full:https://registry.npmjs.org/object-assign cache-miss
226 silly fetch manifest ms@^2.1.3
227 silly packumentCache full:https://registry.npmjs.org/ms cache-hit
228 silly fetch manifest @types/cookie@^0.4.1
229 silly packumentCache full:https://registry.npmjs.org/@types%2fcookie cache-miss
230 silly fetch manifest @types/cors@^2.8.12
231 silly packumentCache full:https://registry.npmjs.org/@types%2fcors cache-miss
232 silly fetch manifest cookie@~0.7.2
233 silly packumentCache full:https://registry.npmjs.org/cookie cache-miss
234 silly fetch manifest debug@~4.3.1
235 silly packumentCache full:https://registry.npmjs.org/debug cache-hit
236 silly fetch manifest engine.io-parser@~5.2.1
237 silly packumentCache full:https://registry.npmjs.org/engine.io-parser cache-miss
238 http fetch GET 200 https://registry.npmjs.org/negotiator 48ms (cache hit)
239 silly packumentCache full:https://registry.npmjs.org/negotiator set size:47986 disposed:false
240 silly fetch manifest ws@~8.17.1
241 silly packumentCache full:https://registry.npmjs.org/ws cache-miss
242 http fetch GET 200 https://registry.npmjs.org/object-assign 158ms (cache miss)
243 silly packumentCache full:https://registry.npmjs.org/object-assign set size:undefined disposed:false
244 silly fetch manifest debug@~4.3.4
245 silly packumentCache full:https://registry.npmjs.org/debug cache-hit
246 silly fetch manifest ws@~8.17.1
247 silly packumentCache full:https://registry.npmjs.org/ws cache-miss
248 http fetch GET 200 https://registry.npmjs.org/@types%2fcookie 170ms (cache miss)
249 silly packumentCache full:https://registry.npmjs.org/@types%2fcookie set size:undefined disposed:false
250 silly fetch manifest @socket.io/component-emitter@~3.1.0
251 silly packumentCache full:https://registry.npmjs.org/@socket.io%2fcomponent-emitter cache-miss
252 http fetch GET 200 https://registry.npmjs.org/cookie 172ms (cache miss)
253 silly packumentCache full:https://registry.npmjs.org/cookie set size:undefined disposed:false
254 http fetch GET 200 https://registry.npmjs.org/engine.io-parser 177ms (cache miss)
255 silly packumentCache full:https://registry.npmjs.org/engine.io-parser set size:undefined disposed:false
256 http fetch GET 200 https://registry.npmjs.org/@types%2fcors 185ms (cache miss)
257 silly packumentCache full:https://registry.npmjs.org/@types%2fcors set size:undefined disposed:false
258 http fetch GET 200 https://registry.npmjs.org/mime-types 197ms (cache miss)
259 silly packumentCache full:https://registry.npmjs.org/mime-types set size:undefined disposed:false
260 http fetch GET 200 https://registry.npmjs.org/ws 186ms (cache miss)
261 silly packumentCache full:https://registry.npmjs.org/ws set size:undefined disposed:false
262 http fetch GET 200 https://registry.npmjs.org/ws 124ms (cache miss)
263 silly packumentCache full:https://registry.npmjs.org/ws set size:undefined disposed:false
264 http fetch GET 200 https://registry.npmjs.org/@socket.io%2fcomponent-emitter 166ms (cache miss)
265 silly packumentCache full:https://registry.npmjs.org/@socket.io%2fcomponent-emitter set size:undefined disposed:false
266 silly placeDep ROOT mime-types@2.1.35 OK for: accepts@1.3.8 want: ~2.1.34
267 silly placeDep node_modules/accepts negotiator@0.6.3 OK for: accepts@1.3.8 want: 0.6.3
268 silly fetch manifest mime-db@1.52.0
269 silly packumentCache full:https://registry.npmjs.org/mime-db cache-miss
270 http fetch GET 200 https://registry.npmjs.org/mime-db 32ms (cache hit)
271 silly packumentCache full:https://registry.npmjs.org/mime-db set size:162007 disposed:false
272 silly placeDep ROOT object-assign@4.1.1 OK for: cors@2.8.5 want: ^4
273 silly fetch manifest bufferutil@^4.0.1
274 silly packumentCache full:https://registry.npmjs.org/bufferutil cache-miss
275 http fetch GET 200 https://registry.npmjs.org/bufferutil 115ms (cache miss)
276 silly packumentCache full:https://registry.npmjs.org/bufferutil set size:undefined disposed:false
277 silly fetch manifest utf-8-validate@>=5.0.2
278 silly packumentCache full:https://registry.npmjs.org/utf-8-validate cache-miss
279 http fetch GET 200 https://registry.npmjs.org/utf-8-validate 110ms (cache miss)
280 silly packumentCache full:https://registry.npmjs.org/utf-8-validate set size:undefined disposed:false
281 silly placeDep ROOT @types/cookie@0.4.1 OK for: engine.io@6.6.2 want: ^0.4.1
282 silly placeDep ROOT @types/cors@2.8.17 OK for: engine.io@6.6.2 want: ^2.8.12
283 silly placeDep ROOT cookie@0.7.2 OK for: engine.io@6.6.2 want: ~0.7.2
284 silly placeDep node_modules/engine.io debug@4.3.7 OK for: engine.io@6.6.2 want: ~4.3.1
285 silly placeDep ROOT engine.io-parser@5.2.3 OK for: engine.io@6.6.2 want: ~5.2.1
286 silly placeDep ROOT ws@8.17.1 OK for: engine.io@6.6.2 want: ~8.17.1
287 silly placeDep node_modules/mime-types mime-db@1.52.0 OK for: mime-types@2.1.35 want: 1.52.0
288 silly placeDep node_modules/socket.io-adapter debug@4.3.7 OK for: socket.io-adapter@2.5.5 want: ~4.3.4
289 silly placeDep ROOT @socket.io/component-emitter@3.1.2 OK for: socket.io-parser@4.2.4 want: ~3.1.0
290 silly placeDep node_modules/socket.io-parser debug@4.3.7 OK for: socket.io-parser@4.2.4 want: ~4.3.1
291 silly placeDep node_modules/engine.io ms@2.1.3 OK for: debug@4.3.7 want: ^2.1.3
292 silly placeDep node_modules/socket.io-adapter ms@2.1.3 OK for: debug@4.3.7 want: ^2.1.3
293 silly placeDep node_modules/socket.io-parser ms@2.1.3 OK for: debug@4.3.7 want: ^2.1.3
294 silly placeDep node_modules/socket.io ms@2.1.3 OK for: debug@4.3.7 want: ^2.1.3
295 silly reify moves {}
296 silly tarball no local data for ws@https://registry.npmjs.org/ws/-/ws-8.17.1.tgz. Extracting by manifest.
297 silly tarball no local data for engine.io-parser@https://registry.npmjs.org/engine.io-parser/-/engine.io-parser-5.2.3.tgz. Extracting by manifest.
298 silly tarball no local data for cookie@https://registry.npmjs.org/cookie/-/cookie-0.7.2.tgz. Extracting by manifest.
299 silly tarball no local data for @socket.io/component-emitter@https://registry.npmjs.org/@socket.io/component-emitter/-/component-emitter-3.1.2.tgz. Extracting by manifest.
300 silly tarball no local data for object-assign@https://registry.npmjs.org/object-assign/-/object-assign-4.1.1.tgz. Extracting by manifest.
301 silly tarball no local data for socket.io-parser@https://registry.npmjs.org/socket.io-parser/-/socket.io-parser-4.2.4.tgz. Extracting by manifest.
302 silly tarball no local data for @types/cookie@https://registry.npmjs.org/@types/cookie/-/cookie-0.4.1.tgz. Extracting by manifest.
303 silly tarball no local data for @types/cors@https://registry.npmjs.org/@types/cors/-/cors-2.8.17.tgz. Extracting by manifest.
304 silly tarball no local data for socket.io-adapter@https://registry.npmjs.org/socket.io-adapter/-/socket.io-adapter-2.5.5.tgz. Extracting by manifest.
305 silly tarball no local data for engine.io@https://registry.npmjs.org/engine.io/-/engine.io-6.6.2.tgz. Extracting by manifest.
306 silly tarball no local data for cors@https://registry.npmjs.org/cors/-/cors-2.8.5.tgz. Extracting by manifest.
307 silly tarball no local data for base64id@https://registry.npmjs.org/base64id/-/base64id-2.0.0.tgz. Extracting by manifest.
308 silly tarball no local data for accepts@https://registry.npmjs.org/accepts/-/accepts-1.3.8.tgz. Extracting by manifest.
309 silly tarball no local data for mime-types@https://registry.npmjs.org/mime-types/-/mime-types-2.1.35.tgz. Extracting by manifest.
310 silly tarball no local data for toidentifier@https://registry.npmjs.org/toidentifier/-/toidentifier-1.0.1.tgz. Extracting by manifest.
311 silly tarball no local data for setprototypeof@https://registry.npmjs.org/setprototypeof/-/setprototypeof-1.2.0.tgz. Extracting by manifest.
312 silly tarball no local data for inherits@https://registry.npmjs.org/inherits/-/inherits-2.0.4.tgz. Extracting by manifest.
313 silly tarball no local data for statuses@https://registry.npmjs.org/statuses/-/statuses-2.0.1.tgz. Extracting by manifest.
314 silly tarball no local data for range-parser@https://registry.npmjs.org/range-parser/-/range-parser-1.2.1.tgz. Extracting by manifest.
315 silly tarball no local data for ee-first@https://registry.npmjs.org/ee-first/-/ee-first-1.1.1.tgz. Extracting by manifest.
316 silly tarball no local data for mime@https://registry.npmjs.org/mime/-/mime-1.6.0.tgz. Extracting by manifest.
317 silly tarball no local data for on-finished@https://registry.npmjs.org/on-finished/-/on-finished-2.4.1.tgz. Extracting by manifest.
318 silly tarball no local data for etag@https://registry.npmjs.org/etag/-/etag-1.8.1.tgz. Extracting by manifest.
319 silly tarball no local data for depd@https://registry.npmjs.org/depd/-/depd-2.0.0.tgz. Extracting by manifest.
320 silly tarball no local data for http-errors@https://registry.npmjs.org/http-errors/-/http-errors-2.0.0.tgz. Extracting by manifest.
321 silly tarball no local data for escape-html@https://registry.npmjs.org/escape-html/-/escape-html-1.0.3.tgz. Extracting by manifest.
322 silly tarball no local data for fresh@https://registry.npmjs.org/fresh/-/fresh-0.5.2.tgz. Extracting by manifest.
323 silly tarball no local data for destroy@https://registry.npmjs.org/destroy/-/destroy-1.2.0.tgz. Extracting by manifest.
324 silly tarball no local data for jquery@https://registry.npmjs.org/jquery/-/jquery-3.7.1.tgz. Extracting by manifest.
325 silly tarball no local data for send@https://registry.npmjs.org/send/-/send-0.19.0.tgz. Extracting by manifest.
326 silly tarball no local data for vary@https://registry.npmjs.org/vary/-/vary-1.1.2.tgz. Extracting by manifest.
327 silly tarball no local data for encodeurl@https://registry.npmjs.org/encodeurl/-/encodeurl-2.0.0.tgz. Extracting by manifest.
328 silly tarball no local data for mime-db@https://registry.npmjs.org/mime-db/-/mime-db-1.53.0.tgz. Extracting by manifest.
329 silly tarball no local data for parseurl@https://registry.npmjs.org/parseurl/-/parseurl-1.3.3.tgz. Extracting by manifest.
330 silly tarball no local data for on-headers@https://registry.npmjs.org/on-headers/-/on-headers-1.0.2.tgz. Extracting by manifest.
331 silly tarball no local data for safe-buffer@https://registry.npmjs.org/safe-buffer/-/safe-buffer-5.2.1.tgz. Extracting by manifest.
332 silly tarball no local data for negotiator@https://registry.npmjs.org/negotiator/-/negotiator-0.6.4.tgz. Extracting by manifest.
333 silly tarball no local data for compressible@https://registry.npmjs.org/compressible/-/compressible-2.0.18.tgz. Extracting by manifest.
334 silly tarball no local data for ms@https://registry.npmjs.org/ms/-/ms-2.0.0.tgz. Extracting by manifest.
335 silly tarball no local data for bytes@https://registry.npmjs.org/bytes/-/bytes-3.1.2.tgz. Extracting by manifest.
336 silly tarball no local data for socket.io@https://registry.npmjs.org/socket.io/-/socket.io-4.8.1.tgz. Extracting by manifest.
337 silly tarball no local data for debug@https://registry.npmjs.org/debug/-/debug-2.6.9.tgz. Extracting by manifest.
338 silly tarball no local data for serve-static@https://registry.npmjs.org/serve-static/-/serve-static-1.16.2.tgz. Extracting by manifest.
339 silly tarball no local data for node-red-dashboard@https://registry.npmjs.org/node-red-dashboard/-/node-red-dashboard-3.6.5.tgz. Extracting by manifest.
340 silly tarball no local data for compression@https://registry.npmjs.org/compression/-/compression-1.7.5.tgz. Extracting by manifest.
341 silly tarball no local data for debug@https://registry.npmjs.org/debug/-/debug-4.3.7.tgz. Extracting by manifest.
342 silly tarball no local data for mime-db@https://registry.npmjs.org/mime-db/-/mime-db-1.52.0.tgz. Extracting by manifest.
343 silly tarball no local data for gridstack@https://registry.npmjs.org/gridstack/-/gridstack-0.6.4.tgz. Extracting by manifest.
344 silly tarball no local data for debug@https://registry.npmjs.org/debug/-/debug-4.3.7.tgz. Extracting by manifest.
345 silly tarball no local data for debug@https://registry.npmjs.org/debug/-/debug-4.3.7.tgz. Extracting by manifest.
346 silly tarball no local data for ms@https://registry.npmjs.org/ms/-/ms-2.1.3.tgz. Extracting by manifest.
347 silly tarball no local data for ms@https://registry.npmjs.org/ms/-/ms-2.1.3.tgz. Extracting by manifest.
348 silly tarball no local data for ms@https://registry.npmjs.org/ms/-/ms-2.1.3.tgz. Extracting by manifest.
349 silly tarball no local data for encodeurl@https://registry.npmjs.org/encodeurl/-/encodeurl-1.0.2.tgz. Extracting by manifest.
350 silly tarball no local data for ms@https://registry.npmjs.org/ms/-/ms-2.1.3.tgz. Extracting by manifest.
351 silly tarball no local data for negotiator@https://registry.npmjs.org/negotiator/-/negotiator-0.6.3.tgz. Extracting by manifest.
352 silly tarball no local data for ms@https://registry.npmjs.org/ms/-/ms-2.1.3.tgz. Extracting by manifest.
353 silly tarball no local data for debug@https://registry.npmjs.org/debug/-/debug-4.3.7.tgz. Extracting by manifest.
354 http fetch GET 200 https://registry.npmjs.org/cookie/-/cookie-0.7.2.tgz 1249ms (cache miss)
355 http fetch GET 200 https://registry.npmjs.org/object-assign/-/object-assign-4.1.1.tgz 1253ms (cache miss)
356 http fetch GET 200 https://registry.npmjs.org/socket.io-parser/-/socket.io-parser-4.2.4.tgz 1253ms (cache miss)
357 http fetch GET 200 https://registry.npmjs.org/@socket.io/component-emitter/-/component-emitter-3.1.2.tgz 1352ms (cache miss)
358 http fetch GET 200 https://registry.npmjs.org/@types/cookie/-/cookie-0.4.1.tgz 1364ms (cache miss)
359 http fetch GET 200 https://registry.npmjs.org/range-parser/-/range-parser-1.2.1.tgz 1477ms (cache miss)
360 http fetch GET 200 https://registry.npmjs.org/ee-first/-/ee-first-1.1.1.tgz 1666ms (cache miss)
361 http fetch GET 200 https://registry.npmjs.org/setprototypeof/-/setprototypeof-1.2.0.tgz 1693ms (cache miss)
362 http fetch GET 200 https://registry.npmjs.org/http-errors/-/http-errors-2.0.0.tgz 1702ms (cache miss)
363 http fetch GET 200 https://registry.npmjs.org/fresh/-/fresh-0.5.2.tgz 1721ms (cache miss)
364 http fetch GET 200 https://registry.npmjs.org/on-finished/-/on-finished-2.4.1.tgz 1734ms (cache miss)
365 http fetch GET 200 https://registry.npmjs.org/inherits/-/inherits-2.0.4.tgz 1750ms (cache miss)
366 http fetch GET 200 https://registry.npmjs.org/statuses/-/statuses-2.0.1.tgz 1760ms (cache miss)
367 http fetch GET 200 https://registry.npmjs.org/mime/-/mime-1.6.0.tgz 1770ms (cache miss)
368 http fetch GET 200 https://registry.npmjs.org/send/-/send-0.19.0.tgz 1789ms (cache miss)
369 http fetch GET 200 https://registry.npmjs.org/encodeurl/-/encodeurl-2.0.0.tgz 1820ms (cache miss)
370 http fetch GET 200 https://registry.npmjs.org/etag/-/etag-1.8.1.tgz 1840ms (cache miss)
371 http fetch GET 200 https://registry.npmjs.org/destroy/-/destroy-1.2.0.tgz 1852ms (cache miss)
372 http fetch GET 200 https://registry.npmjs.org/vary/-/vary-1.1.2.tgz 1913ms (cache miss)
373 http fetch GET 200 https://registry.npmjs.org/escape-html/-/escape-html-1.0.3.tgz 1940ms (cache miss)
374 http fetch GET 200 https://registry.npmjs.org/depd/-/depd-2.0.0.tgz 1981ms (cache miss)
375 http fetch GET 200 https://registry.npmjs.org/ms/-/ms-2.1.3.tgz 1959ms (cache miss)
376 http fetch GET 200 https://registry.npmjs.org/parseurl/-/parseurl-1.3.3.tgz 1984ms (cache miss)
377 http fetch GET 200 https://registry.npmjs.org/negotiator/-/negotiator-0.6.3.tgz 1966ms (cache miss)
378 http fetch GET 200 https://registry.npmjs.org/compressible/-/compressible-2.0.18.tgz 2002ms (cache miss)
379 http fetch GET 200 https://registry.npmjs.org/ms/-/ms-2.0.0.tgz 2005ms (cache miss)
380 http fetch GET 200 https://registry.npmjs.org/@types/cors/-/cors-2.8.17.tgz 2072ms (cache miss)
381 http fetch GET 200 https://registry.npmjs.org/toidentifier/-/toidentifier-1.0.1.tgz 2072ms (cache miss)
382 http fetch GET 200 https://registry.npmjs.org/on-headers/-/on-headers-1.0.2.tgz 2050ms (cache miss)
383 http fetch GET 200 https://registry.npmjs.org/mime-types/-/mime-types-2.1.35.tgz 2096ms (cache miss)
384 http fetch GET 200 https://registry.npmjs.org/safe-buffer/-/safe-buffer-5.2.1.tgz 2077ms (cache miss)
385 http fetch GET 200 https://registry.npmjs.org/serve-static/-/serve-static-1.16.2.tgz 2077ms (cache miss)
386 http fetch GET 200 https://registry.npmjs.org/bytes/-/bytes-3.1.2.tgz 2111ms (cache miss)
387 http fetch GET 200 https://registry.npmjs.org/ms/-/ms-2.1.3.tgz 2091ms (cache miss)
388 http fetch GET 200 https://registry.npmjs.org/ms/-/ms-2.1.3.tgz 2096ms (cache miss)
389 http fetch GET 200 https://registry.npmjs.org/ms/-/ms-2.1.3.tgz 2097ms (cache miss)
390 http fetch GET 200 https://registry.npmjs.org/cors/-/cors-2.8.5.tgz 2158ms (cache miss)
391 http fetch GET 200 https://registry.npmjs.org/ms/-/ms-2.1.3.tgz 2094ms (cache miss)
392 http fetch GET 200 https://registry.npmjs.org/base64id/-/base64id-2.0.0.tgz 2160ms (cache miss)
393 http fetch GET 200 https://registry.npmjs.org/ws/-/ws-8.17.1.tgz 2211ms (cache miss)
394 http fetch GET 200 https://registry.npmjs.org/mime-db/-/mime-db-1.52.0.tgz 2159ms (cache miss)
395 http fetch GET 200 https://registry.npmjs.org/mime-db/-/mime-db-1.53.0.tgz 2184ms (cache miss)
396 http fetch GET 200 https://registry.npmjs.org/accepts/-/accepts-1.3.8.tgz 2219ms (cache miss)
397 http fetch GET 200 https://registry.npmjs.org/encodeurl/-/encodeurl-1.0.2.tgz 2204ms (cache miss)
398 http fetch GET 200 https://registry.npmjs.org/debug/-/debug-4.3.7.tgz 2218ms (cache miss)
399 http fetch GET 200 https://registry.npmjs.org/negotiator/-/negotiator-0.6.4.tgz 2257ms (cache miss)
400 http fetch GET 200 https://registry.npmjs.org/compression/-/compression-1.7.5.tgz 2263ms (cache miss)
401 http fetch GET 200 https://registry.npmjs.org/socket.io-adapter/-/socket.io-adapter-2.5.5.tgz 2365ms (cache miss)
402 http fetch GET 200 https://registry.npmjs.org/debug/-/debug-4.3.7.tgz 2386ms (cache miss)
403 http fetch GET 200 https://registry.npmjs.org/debug/-/debug-4.3.7.tgz 2343ms (cache miss)
404 http fetch GET 200 https://registry.npmjs.org/debug/-/debug-4.3.7.tgz 2391ms (cache miss)
405 http fetch GET 200 https://registry.npmjs.org/engine.io-parser/-/engine.io-parser-5.2.3.tgz 2501ms (cache miss)
406 http fetch GET 200 https://registry.npmjs.org/debug/-/debug-2.6.9.tgz 2505ms (cache miss)
407 http fetch GET 200 https://registry.npmjs.org/engine.io/-/engine.io-6.6.2.tgz 2857ms (cache miss)
408 http fetch GET 200 https://registry.npmjs.org/gridstack/-/gridstack-0.6.4.tgz 2988ms (cache miss)
409 http fetch GET 200 https://registry.npmjs.org/socket.io/-/socket.io-4.8.1.tgz 3564ms (cache miss)
410 http fetch GET 200 https://registry.npmjs.org/jquery/-/jquery-3.7.1.tgz 4082ms (cache miss)
411 http fetch GET 200 https://registry.npmjs.org/node-red-dashboard/-/node-red-dashboard-3.6.5.tgz 4341ms (cache miss)
412 info run node-red-dashboard@3.6.5 postinstall node_modules/node-red-dashboard node fixgrid.js
413 info run node-red-dashboard@3.6.5 postinstall { code: 0, signal: null }
414 silly ADD node_modules/@socket.io/component-emitter
415 silly ADD node_modules/ws
416 silly ADD node_modules/engine.io-parser
417 silly ADD node_modules/cookie
418 silly ADD node_modules/@types/cors
419 silly ADD node_modules/@types/cookie
420 silly ADD node_modules/object-assign
421 silly ADD node_modules/mime-types
422 silly ADD node_modules/mime-types/node_modules/mime-db
423 silly ADD node_modules/socket.io-parser
424 silly ADD node_modules/socket.io-parser/node_modules/ms
425 silly ADD node_modules/socket.io-parser/node_modules/debug
426 silly ADD node_modules/socket.io-adapter
427 silly ADD node_modules/socket.io-adapter/node_modules/ms
428 silly ADD node_modules/socket.io-adapter/node_modules/debug
429 silly ADD node_modules/engine.io
430 silly ADD node_modules/engine.io/node_modules/ms
431 silly ADD node_modules/engine.io/node_modules/debug
432 silly ADD node_modules/cors
433 silly ADD node_modules/base64id
434 silly ADD node_modules/accepts
435 silly ADD node_modules/accepts/node_modules/negotiator
436 silly ADD node_modules/ee-first
437 silly ADD node_modules/toidentifier
438 silly ADD node_modules/setprototypeof
439 silly ADD node_modules/inherits
440 silly ADD node_modules/statuses
441 silly ADD node_modules/range-parser
442 silly ADD node_modules/on-finished
443 silly ADD node_modules/mime
444 silly ADD node_modules/http-errors
445 silly ADD node_modules/fresh
446 silly ADD node_modules/etag
447 silly ADD node_modules/destroy
448 silly ADD node_modules/depd
449 silly ADD node_modules/send
450 silly ADD node_modules/send/node_modules/ms
451 silly ADD node_modules/send/node_modules/encodeurl
452 silly ADD node_modules/parseurl
453 silly ADD node_modules/escape-html
454 silly ADD node_modules/encodeurl
455 silly ADD node_modules/jquery
456 silly ADD node_modules/ms
457 silly ADD node_modules/mime-db
458 silly ADD node_modules/vary
459 silly ADD node_modules/safe-buffer
460 silly ADD node_modules/on-headers
461 silly ADD node_modules/negotiator
462 silly ADD node_modules/debug
463 silly ADD node_modules/compressible
464 silly ADD node_modules/bytes
465 silly ADD node_modules/socket.io
466 silly ADD node_modules/socket.io/node_modules/ms
467 silly ADD node_modules/socket.io/node_modules/debug
468 silly ADD node_modules/serve-static
469 silly ADD node_modules/gridstack
470 silly ADD node_modules/compression
471 silly ADD node_modules/node-red-dashboard
472 verbose cwd /data
473 verbose os Linux 5.15.167.4-microsoft-standard-WSL2
474 verbose node v20.18.0
475 verbose npm  v10.8.2
476 verbose exit 0
477 info ok
