0 verbose cli /usr/local/bin/node /usr/local/bin/npm
1 info using npm@10.7.0
2 info using node@v20.15.0
3 silly config:load:file:/usr/local/lib/node_modules/npm/npmrc
4 silly config:load:file:/data/.npmrc
5 silly config:load:file:/usr/src/node-red/.npmrc
6 silly config:load:file:/usr/local/etc/npmrc
7 verbose title npm install node-red-contrib-mongodb4@2.5.2
8 verbose argv "install" "--no-audit" "--no-update-notifier" "--no-fund" "--save" "--save-prefix" "~" "--omit" "dev" "--engine-strict" "node-red-contrib-mongodb4@2.5.2"
9 verbose logfile logs-max:10 dir:/data/.npm/_logs/2024-06-27T22_03_22_072Z-
10 verbose logfile /data/.npm/_logs/2024-06-27T22_03_22_072Z-debug-0.log
11 silly logfile done cleaning log files
12 silly idealTree buildDeps
13 silly fetch manifest node-red-contrib-mongodb4@2.5.2
14 http fetch GET 200 https://registry.npmjs.org/node-red-contrib-mongodb4 649ms (cache miss)
15 silly placeDep ROOT node-red-contrib-mongodb4@2.5.2 OK for: node-red-project@0.0.1 want: 2.5.2
16 silly fetch manifest mongodb@^5.9.2
17 http fetch GET 200 https://registry.npmjs.org/mongodb 206ms (cache miss)
18 silly fetch manifest @aws-sdk/credential-providers@^3.188.0
19 http fetch GET 200 https://registry.npmjs.org/@aws-sdk%2fcredential-providers 158ms (cache miss)
20 silly fetch manifest @mongodb-js/zstd@^1.0.0
21 http fetch GET 200 https://registry.npmjs.org/@mongodb-js%2fzstd 193ms (cache miss)
22 silly fetch manifest kerberos@^1.0.0 || ^2.0.0
23 http fetch GET 200 https://registry.npmjs.org/kerberos 111ms (cache miss)
24 silly fetch manifest mongodb-client-encryption@>=2.3.0 <3
25 http fetch GET 200 https://registry.npmjs.org/mongodb-client-encryption 120ms (cache miss)
26 silly fetch manifest gcp-metadata@^5.2.0
27 http fetch GET 200 https://registry.npmjs.org/gcp-metadata 98ms (cache miss)
28 silly fetch manifest snappy@^7.2.2
29 http fetch GET 200 https://registry.npmjs.org/snappy 158ms (cache miss)
30 silly placeDep ROOT mongodb@5.9.2 OK for: node-red-contrib-mongodb4@2.5.2 want: ^5.9.2
31 silly fetch manifest bson@^5.5.0
32 silly fetch manifest socks@^2.7.1
33 silly fetch manifest mongodb-connection-string-url@^2.6.0
34 silly fetch manifest @mongodb-js/saslprep@^1.1.0
35 http fetch GET 200 https://registry.npmjs.org/bson 109ms (cache miss)
36 http fetch GET 200 https://registry.npmjs.org/socks 306ms (cache miss)
37 http fetch GET 200 https://registry.npmjs.org/mongodb-connection-string-url 308ms (cache miss)
38 http fetch GET 200 https://registry.npmjs.org/@mongodb-js%2fsaslprep 732ms (cache miss)
39 silly placeDep ROOT @mongodb-js/saslprep@1.1.7 OK for: mongodb@5.9.2 want: ^1.1.0
40 silly placeDep ROOT bson@5.5.1 OK for: mongodb@5.9.2 want: ^5.5.0
41 silly placeDep ROOT mongodb-connection-string-url@2.6.0 OK for: mongodb@5.9.2 want: ^2.6.0
42 silly placeDep ROOT socks@2.8.3 OK for: mongodb@5.9.2 want: ^2.7.1
43 silly fetch manifest sparse-bitfield@^3.0.3
44 silly fetch manifest whatwg-url@^11.0.0
45 silly fetch manifest @types/whatwg-url@^8.2.1
46 silly fetch manifest ip-address@^9.0.5
47 silly fetch manifest smart-buffer@^4.2.0
48 http fetch GET 200 https://registry.npmjs.org/sparse-bitfield 88ms (cache miss)
49 http fetch GET 200 https://registry.npmjs.org/whatwg-url 105ms (cache miss)
50 http fetch GET 200 https://registry.npmjs.org/@types%2fwhatwg-url 180ms (cache miss)
51 http fetch GET 200 https://registry.npmjs.org/ip-address 180ms (cache miss)
52 http fetch GET 200 https://registry.npmjs.org/smart-buffer 378ms (cache miss)
53 silly placeDep ROOT sparse-bitfield@3.0.3 OK for: @mongodb-js/saslprep@1.1.7 want: ^3.0.3
54 silly fetch manifest memory-pager@^1.0.2
55 http fetch GET 200 https://registry.npmjs.org/memory-pager 90ms (cache miss)
56 silly placeDep ROOT @types/whatwg-url@8.2.2 OK for: mongodb-connection-string-url@2.6.0 want: ^8.2.1
57 silly placeDep ROOT whatwg-url@11.0.0 OK for: mongodb-connection-string-url@2.6.0 want: ^11.0.0
58 silly fetch manifest @types/node@*
59 silly fetch manifest @types/webidl-conversions@*
60 silly fetch manifest tr46@^3.0.0
61 silly fetch manifest webidl-conversions@^7.0.0
62 http fetch GET 200 https://registry.npmjs.org/webidl-conversions 117ms (cache miss)
63 http fetch GET 200 https://registry.npmjs.org/tr46 118ms (cache miss)
64 http fetch GET 200 https://registry.npmjs.org/@types%2fwebidl-conversions 120ms (cache miss)
65 http fetch GET 200 https://registry.npmjs.org/@types%2fnode 831ms (cache miss)
66 silly placeDep ROOT @types/node@20.14.9 OK for: @types/whatwg-url@8.2.2 want: *
67 silly placeDep ROOT @types/webidl-conversions@7.0.3 OK for: @types/whatwg-url@8.2.2 want: *
68 silly fetch manifest undici-types@~5.26.4
69 http fetch GET 200 https://registry.npmjs.org/undici-types 136ms (cache miss)
70 silly placeDep ROOT undici-types@5.26.5 OK for: @types/node@20.14.9 want: ~5.26.4
71 silly placeDep ROOT ip-address@9.0.5 OK for: socks@2.8.3 want: ^9.0.5
72 silly placeDep ROOT smart-buffer@4.2.0 OK for: socks@2.8.3 want: ^4.2.0
73 silly fetch manifest jsbn@1.1.0
74 silly fetch manifest sprintf-js@^1.1.3
75 http fetch GET 200 https://registry.npmjs.org/sprintf-js 96ms (cache miss)
76 http fetch GET 200 https://registry.npmjs.org/jsbn 98ms (cache miss)
77 silly placeDep ROOT jsbn@1.1.0 OK for: ip-address@9.0.5 want: 1.1.0
78 silly placeDep ROOT sprintf-js@1.1.3 OK for: ip-address@9.0.5 want: ^1.1.3
79 silly placeDep ROOT memory-pager@1.5.0 OK for: sparse-bitfield@3.0.3 want: ^1.0.2
80 silly placeDep ROOT tr46@3.0.0 OK for: whatwg-url@11.0.0 want: ^3.0.0
81 silly placeDep ROOT webidl-conversions@7.0.0 OK for: whatwg-url@11.0.0 want: ^7.0.0
82 silly fetch manifest punycode@^2.1.1
83 http fetch GET 200 https://registry.npmjs.org/punycode 100ms (cache miss)
84 silly placeDep ROOT punycode@2.3.1 OK for: tr46@3.0.0 want: ^2.1.1
85 silly reify moves {}
86 silly tarball no local data for webidl-conversions@https://registry.npmjs.org/webidl-conversions/-/webidl-conversions-7.0.0.tgz. Extracting by manifest.
87 silly tarball no local data for sprintf-js@https://registry.npmjs.org/sprintf-js/-/sprintf-js-1.1.3.tgz. Extracting by manifest.
88 silly tarball no local data for punycode@https://registry.npmjs.org/punycode/-/punycode-2.3.1.tgz. Extracting by manifest.
89 silly tarball no local data for memory-pager@https://registry.npmjs.org/memory-pager/-/memory-pager-1.5.0.tgz. Extracting by manifest.
90 silly tarball no local data for smart-buffer@https://registry.npmjs.org/smart-buffer/-/smart-buffer-4.2.0.tgz. Extracting by manifest.
91 silly tarball no local data for jsbn@https://registry.npmjs.org/jsbn/-/jsbn-1.1.0.tgz. Extracting by manifest.
92 silly tarball no local data for ip-address@https://registry.npmjs.org/ip-address/-/ip-address-9.0.5.tgz. Extracting by manifest.
93 silly tarball no local data for whatwg-url@https://registry.npmjs.org/whatwg-url/-/whatwg-url-11.0.0.tgz. Extracting by manifest.
94 silly tarball no local data for undici-types@https://registry.npmjs.org/undici-types/-/undici-types-5.26.5.tgz. Extracting by manifest.
95 silly tarball no local data for tr46@https://registry.npmjs.org/tr46/-/tr46-3.0.0.tgz. Extracting by manifest.
96 silly tarball no local data for sparse-bitfield@https://registry.npmjs.org/sparse-bitfield/-/sparse-bitfield-3.0.3.tgz. Extracting by manifest.
97 silly tarball no local data for @types/webidl-conversions@https://registry.npmjs.org/@types/webidl-conversions/-/webidl-conversions-7.0.3.tgz. Extracting by manifest.
98 silly tarball no local data for @types/node@https://registry.npmjs.org/@types/node/-/node-20.14.9.tgz. Extracting by manifest.
99 silly tarball no local data for socks@https://registry.npmjs.org/socks/-/socks-2.8.3.tgz. Extracting by manifest.
100 silly tarball no local data for bson@https://registry.npmjs.org/bson/-/bson-5.5.1.tgz. Extracting by manifest.
101 silly tarball no local data for mongodb-connection-string-url@https://registry.npmjs.org/mongodb-connection-string-url/-/mongodb-connection-string-url-2.6.0.tgz. Extracting by manifest.
102 silly tarball no local data for mongodb@https://registry.npmjs.org/mongodb/-/mongodb-5.9.2.tgz. Extracting by manifest.
103 silly tarball no local data for @types/whatwg-url@https://registry.npmjs.org/@types/whatwg-url/-/whatwg-url-8.2.2.tgz. Extracting by manifest.
104 silly tarball no local data for node-red-contrib-mongodb4@https://registry.npmjs.org/node-red-contrib-mongodb4/-/node-red-contrib-mongodb4-2.5.2.tgz. Extracting by manifest.
105 silly tarball no local data for @mongodb-js/saslprep@https://registry.npmjs.org/@mongodb-js/saslprep/-/saslprep-1.1.7.tgz. Extracting by manifest.
106 http fetch GET 200 https://registry.npmjs.org/webidl-conversions/-/webidl-conversions-7.0.0.tgz 141ms (cache miss)
107 http fetch GET 200 https://registry.npmjs.org/punycode/-/punycode-2.3.1.tgz 141ms (cache miss)
108 http fetch GET 200 https://registry.npmjs.org/memory-pager/-/memory-pager-1.5.0.tgz 140ms (cache miss)
109 http fetch GET 200 https://registry.npmjs.org/sprintf-js/-/sprintf-js-1.1.3.tgz 143ms (cache miss)
110 http fetch GET 200 https://registry.npmjs.org/smart-buffer/-/smart-buffer-4.2.0.tgz 168ms (cache miss)
111 http fetch GET 200 https://registry.npmjs.org/@types/whatwg-url/-/whatwg-url-8.2.2.tgz 308ms (cache miss)
112 http fetch GET 200 https://registry.npmjs.org/node-red-contrib-mongodb4/-/node-red-contrib-mongodb4-2.5.2.tgz 315ms (cache miss)
113 http fetch GET 200 https://registry.npmjs.org/mongodb-connection-string-url/-/mongodb-connection-string-url-2.6.0.tgz 318ms (cache miss)
114 http fetch GET 200 https://registry.npmjs.org/sparse-bitfield/-/sparse-bitfield-3.0.3.tgz 326ms (cache miss)
115 http fetch GET 200 https://registry.npmjs.org/@types/webidl-conversions/-/webidl-conversions-7.0.3.tgz 328ms (cache miss)
116 http fetch GET 200 https://registry.npmjs.org/jsbn/-/jsbn-1.1.0.tgz 354ms (cache miss)
117 http fetch GET 200 https://registry.npmjs.org/undici-types/-/undici-types-5.26.5.tgz 402ms (cache miss)
118 http fetch GET 200 https://registry.npmjs.org/socks/-/socks-2.8.3.tgz 465ms (cache miss)
119 http fetch GET 200 https://registry.npmjs.org/@types/node/-/node-20.14.9.tgz 638ms (cache miss)
120 http fetch GET 200 https://registry.npmjs.org/@mongodb-js/saslprep/-/saslprep-1.1.7.tgz 686ms (cache miss)
121 http fetch GET 200 https://registry.npmjs.org/tr46/-/tr46-3.0.0.tgz 703ms (cache miss)
122 http fetch GET 200 https://registry.npmjs.org/mongodb/-/mongodb-5.9.2.tgz 846ms (cache miss)
123 http fetch GET 200 https://registry.npmjs.org/whatwg-url/-/whatwg-url-11.0.0.tgz 881ms (cache miss)
124 http fetch GET 200 https://registry.npmjs.org/ip-address/-/ip-address-9.0.5.tgz 901ms (cache miss)
125 http fetch GET 200 https://registry.npmjs.org/bson/-/bson-5.5.1.tgz 2123ms (cache miss)
126 silly ADD node_modules/punycode
127 silly ADD node_modules/webidl-conversions
128 silly ADD node_modules/tr46
129 silly ADD node_modules/memory-pager
130 silly ADD node_modules/sprintf-js
131 silly ADD node_modules/jsbn
132 silly ADD node_modules/smart-buffer
133 silly ADD node_modules/ip-address
134 silly ADD node_modules/undici-types
135 silly ADD node_modules/@types/webidl-conversions
136 silly ADD node_modules/@types/node
137 silly ADD node_modules/whatwg-url
138 silly ADD node_modules/@types/whatwg-url
139 silly ADD node_modules/sparse-bitfield
140 silly ADD node_modules/socks
141 silly ADD node_modules/mongodb-connection-string-url
142 silly ADD node_modules/bson
143 silly ADD node_modules/@mongodb-js/saslprep
144 silly ADD node_modules/mongodb
145 silly ADD node_modules/node-red-contrib-mongodb4
146 verbose exit 0
147 info ok
